[2025-05-14T11:31:13.360-0500] {local_task_job_runner.py:123} INFO - ::group::Pre task execution logs
[2025-05-14T11:31:13.375-0500] {taskinstance.py:2614} INFO - Dependencies all met for dep_context=non-requeueable deps ti=<TaskInstance: etl.extract_data_api scheduled__2025-05-13T00:00:00+00:00 [queued]>
[2025-05-14T11:31:13.384-0500] {taskinstance.py:2614} INFO - Dependencies all met for dep_context=requeueable deps ti=<TaskInstance: etl.extract_data_api scheduled__2025-05-13T00:00:00+00:00 [queued]>
[2025-05-14T11:31:13.384-0500] {taskinstance.py:2867} INFO - Starting attempt 1 of 2
[2025-05-14T11:31:13.405-0500] {taskinstance.py:2890} INFO - Executing <Task(PythonOperator): extract_data_api> on 2025-05-13 00:00:00+00:00
[2025-05-14T11:31:13.417-0500] {standard_task_runner.py:104} INFO - Running: ['airflow', 'tasks', 'run', 'etl', 'extract_data_api', 'scheduled__2025-05-13T00:00:00+00:00', '--job-id', '9', '--raw', '--subdir', 'DAGS_FOLDER/api.py', '--cfg-path', '/tmp/tmppid7a8tt']
[2025-05-14T11:31:13.420-0500] {standard_task_runner.py:105} INFO - Job 9: Subtask extract_data_api
[2025-05-14T11:31:13.425-0500] {logging_mixin.py:190} WARNING - /home/jdd/ETL-Global-Road-Accidents/venv/lib/python3.12/site-packages/airflow/task/task_runner/standard_task_runner.py:70 DeprecationWarning: This process (pid=37295) is multi-threaded, use of fork() may lead to deadlocks in the child.
[2025-05-14T11:31:13.427-0500] {standard_task_runner.py:72} INFO - Started process 37320 to run task
[2025-05-14T11:31:13.468-0500] {task_command.py:467} INFO - Running <TaskInstance: etl.extract_data_api scheduled__2025-05-13T00:00:00+00:00 [running]> on host DESKTOP-43HC35D.
[2025-05-14T11:31:13.550-0500] {taskinstance.py:3134} INFO - Exporting env vars: AIRFLOW_CTX_DAG_OWNER='airflow' AIRFLOW_CTX_DAG_ID='etl' AIRFLOW_CTX_TASK_ID='extract_data_api' AIRFLOW_CTX_EXECUTION_DATE='2025-05-13T00:00:00+00:00' AIRFLOW_CTX_TRY_NUMBER='1' AIRFLOW_CTX_DAG_RUN_ID='scheduled__2025-05-13T00:00:00+00:00'
[2025-05-14T11:31:13.551-0500] {taskinstance.py:732} INFO - ::endgroup::
[2025-05-14T11:31:13.580-0500] {extract_api.py:39} INFO - Descargando datos de Accidentes para el año 2017...
[2025-05-14T11:31:28.675-0500] {extract_api.py:50} INFO - ✔️ Archivo guardado: /tmp/data/FARS_accident_2017.csv
[2025-05-14T11:31:28.676-0500] {extract_api.py:39} INFO - Descargando datos de Accidentes para el año 2018...
[2025-05-14T11:31:39.626-0500] {extract_api.py:50} INFO - ✔️ Archivo guardado: /tmp/data/FARS_accident_2018.csv
[2025-05-14T11:31:39.627-0500] {extract_api.py:39} INFO - Descargando datos de Accidentes para el año 2019...
[2025-05-14T11:31:53.998-0500] {extract_api.py:50} INFO - ✔️ Archivo guardado: /tmp/data/FARS_accident_2019.csv
[2025-05-14T11:31:53.998-0500] {extract_api.py:39} INFO - Descargando datos de Accidentes para el año 2020...
[2025-05-14T11:32:05.136-0500] {extract_api.py:50} INFO - ✔️ Archivo guardado: /tmp/data/FARS_accident_2020.csv
[2025-05-14T11:32:05.137-0500] {extract_api.py:39} INFO - Descargando datos de Accidentes para el año 2021...
[2025-05-14T11:32:20.613-0500] {extract_api.py:50} INFO - ✔️ Archivo guardado: /tmp/data/FARS_accident_2021.csv
[2025-05-14T11:32:20.614-0500] {extract_api.py:39} INFO - Descargando datos de Accidentes para el año 2022...
[2025-05-14T11:32:33.295-0500] {extract_api.py:50} INFO - ✔️ Archivo guardado: /tmp/data/FARS_accident_2022.csv
[2025-05-14T11:32:33.296-0500] {extract_api.py:82} INFO - Descargando datos de Personas para el año 2017...
[2025-05-14T11:33:27.652-0500] {extract_api.py:93} INFO - ✔️ Archivo guardado: /tmp/data/FARS_person_2017.csv
[2025-05-14T11:33:27.652-0500] {extract_api.py:82} INFO - Descargando datos de Personas para el año 2018...
[2025-05-14T11:34:20.170-0500] {extract_api.py:93} INFO - ✔️ Archivo guardado: /tmp/data/FARS_person_2018.csv
[2025-05-14T11:34:20.170-0500] {extract_api.py:82} INFO - Descargando datos de Personas para el año 2019...
[2025-05-14T11:35:07.545-0500] {extract_api.py:93} INFO - ✔️ Archivo guardado: /tmp/data/FARS_person_2019.csv
[2025-05-14T11:35:07.546-0500] {extract_api.py:82} INFO - Descargando datos de Personas para el año 2020...
[2025-05-14T11:36:05.310-0500] {extract_api.py:93} INFO - ✔️ Archivo guardado: /tmp/data/FARS_person_2020.csv
[2025-05-14T11:36:05.311-0500] {extract_api.py:82} INFO - Descargando datos de Personas para el año 2021...
[2025-05-14T11:37:09.740-0500] {extract_api.py:93} INFO - ✔️ Archivo guardado: /tmp/data/FARS_person_2021.csv
[2025-05-14T11:37:09.741-0500] {extract_api.py:82} INFO - Descargando datos de Personas para el año 2022...
[2025-05-14T11:38:12.392-0500] {extract_api.py:93} INFO - ✔️ Archivo guardado: /tmp/data/FARS_person_2022.csv
[2025-05-14T11:38:12.393-0500] {api.py:54} INFO - ✅ Datos extraídos desde la API FARS
[2025-05-14T11:38:12.393-0500] {python.py:240} INFO - Done. Returned value was: None
[2025-05-14T11:38:12.402-0500] {taskinstance.py:341} INFO - ::group::Post task execution logs
[2025-05-14T11:38:12.403-0500] {taskinstance.py:353} INFO - Marking task as SUCCESS. dag_id=etl, task_id=extract_data_api, run_id=scheduled__2025-05-13T00:00:00+00:00, execution_date=20250513T000000, start_date=20250514T163113, end_date=20250514T163812
[2025-05-14T11:38:12.468-0500] {local_task_job_runner.py:266} INFO - Task exited with return code 0
[2025-05-14T11:38:12.518-0500] {taskinstance.py:3901} INFO - 1 downstream tasks scheduled from follow-on schedule check
[2025-05-14T11:38:12.530-0500] {local_task_job_runner.py:245} INFO - ::endgroup::
[2025-05-14T13:09:30.676-0500] {local_task_job_runner.py:123} INFO - ::group::Pre task execution logs
[2025-05-14T13:09:30.709-0500] {taskinstance.py:2614} INFO - Dependencies all met for dep_context=non-requeueable deps ti=<TaskInstance: etl.extract_data_api scheduled__2025-05-13T00:00:00+00:00 [queued]>
[2025-05-14T13:09:30.726-0500] {taskinstance.py:2614} INFO - Dependencies all met for dep_context=requeueable deps ti=<TaskInstance: etl.extract_data_api scheduled__2025-05-13T00:00:00+00:00 [queued]>
[2025-05-14T13:09:30.727-0500] {taskinstance.py:2867} INFO - Starting attempt 1 of 2
[2025-05-14T13:09:30.753-0500] {taskinstance.py:2890} INFO - Executing <Task(PythonOperator): extract_data_api> on 2025-05-13 00:00:00+00:00
[2025-05-14T13:09:30.767-0500] {standard_task_runner.py:104} INFO - Running: ['airflow', 'tasks', 'run', 'etl', 'extract_data_api', 'scheduled__2025-05-13T00:00:00+00:00', '--job-id', '17', '--raw', '--subdir', 'DAGS_FOLDER/api.py', '--cfg-path', '/tmp/tmpxsvj06g3']
[2025-05-14T13:09:30.772-0500] {standard_task_runner.py:105} INFO - Job 17: Subtask extract_data_api
[2025-05-14T13:09:30.773-0500] {logging_mixin.py:190} WARNING - /home/jdd/ETL-Global-Road-Accidents/venv/lib/python3.12/site-packages/airflow/task/task_runner/standard_task_runner.py:70 DeprecationWarning: This process (pid=50865) is multi-threaded, use of fork() may lead to deadlocks in the child.
[2025-05-14T13:09:30.774-0500] {standard_task_runner.py:72} INFO - Started process 50966 to run task
[2025-05-14T13:09:30.855-0500] {task_command.py:467} INFO - Running <TaskInstance: etl.extract_data_api scheduled__2025-05-13T00:00:00+00:00 [running]> on host DESKTOP-43HC35D.
[2025-05-14T13:09:30.990-0500] {taskinstance.py:3134} INFO - Exporting env vars: AIRFLOW_CTX_DAG_OWNER='airflow' AIRFLOW_CTX_DAG_ID='etl' AIRFLOW_CTX_TASK_ID='extract_data_api' AIRFLOW_CTX_EXECUTION_DATE='2025-05-13T00:00:00+00:00' AIRFLOW_CTX_TRY_NUMBER='1' AIRFLOW_CTX_DAG_RUN_ID='scheduled__2025-05-13T00:00:00+00:00'
[2025-05-14T13:09:30.993-0500] {taskinstance.py:732} INFO - ::endgroup::
[2025-05-14T13:09:31.029-0500] {extract_api.py:39} INFO - Descargando datos de Accidentes para el año 2017...
[2025-05-14T13:09:45.800-0500] {extract_api.py:50} INFO - ✔️ Archivo guardado: /tmp/data/FARS_accident_2017.csv
[2025-05-14T13:09:45.803-0500] {extract_api.py:39} INFO - Descargando datos de Accidentes para el año 2018...
[2025-05-14T13:09:57.493-0500] {extract_api.py:50} INFO - ✔️ Archivo guardado: /tmp/data/FARS_accident_2018.csv
[2025-05-14T13:09:57.495-0500] {extract_api.py:39} INFO - Descargando datos de Accidentes para el año 2019...
[2025-05-14T13:10:14.096-0500] {extract_api.py:50} INFO - ✔️ Archivo guardado: /tmp/data/FARS_accident_2019.csv
[2025-05-14T13:10:14.096-0500] {extract_api.py:39} INFO - Descargando datos de Accidentes para el año 2020...
[2025-05-14T13:10:30.925-0500] {extract_api.py:50} INFO - ✔️ Archivo guardado: /tmp/data/FARS_accident_2020.csv
[2025-05-14T13:10:30.928-0500] {extract_api.py:39} INFO - Descargando datos de Accidentes para el año 2021...
[2025-05-14T13:10:41.383-0500] {extract_api.py:50} INFO - ✔️ Archivo guardado: /tmp/data/FARS_accident_2021.csv
[2025-05-14T13:10:41.384-0500] {extract_api.py:39} INFO - Descargando datos de Accidentes para el año 2022...
[2025-05-14T13:10:57.808-0500] {extract_api.py:50} INFO - ✔️ Archivo guardado: /tmp/data/FARS_accident_2022.csv
[2025-05-14T13:10:57.809-0500] {extract_api.py:82} INFO - Descargando datos de Personas para el año 2017...
[2025-05-14T13:11:58.767-0500] {extract_api.py:93} INFO - ✔️ Archivo guardado: /tmp/data/FARS_person_2017.csv
[2025-05-14T13:11:58.768-0500] {extract_api.py:82} INFO - Descargando datos de Personas para el año 2018...
[2025-05-14T13:12:50.188-0500] {extract_api.py:93} INFO - ✔️ Archivo guardado: /tmp/data/FARS_person_2018.csv
[2025-05-14T13:12:50.189-0500] {extract_api.py:82} INFO - Descargando datos de Personas para el año 2019...
[2025-05-14T13:13:41.424-0500] {extract_api.py:93} INFO - ✔️ Archivo guardado: /tmp/data/FARS_person_2019.csv
[2025-05-14T13:13:41.436-0500] {extract_api.py:82} INFO - Descargando datos de Personas para el año 2020...
[2025-05-14T13:14:41.800-0500] {extract_api.py:93} INFO - ✔️ Archivo guardado: /tmp/data/FARS_person_2020.csv
[2025-05-14T13:14:41.802-0500] {extract_api.py:82} INFO - Descargando datos de Personas para el año 2021...
[2025-05-14T13:15:52.603-0500] {extract_api.py:93} INFO - ✔️ Archivo guardado: /tmp/data/FARS_person_2021.csv
[2025-05-14T13:15:52.605-0500] {extract_api.py:82} INFO - Descargando datos de Personas para el año 2022...
[2025-05-14T13:16:55.378-0500] {extract_api.py:93} INFO - ✔️ Archivo guardado: /tmp/data/FARS_person_2022.csv
[2025-05-14T13:16:55.379-0500] {api.py:54} INFO - ✅ Datos extraídos desde la API FARS
[2025-05-14T13:16:55.380-0500] {python.py:240} INFO - Done. Returned value was: None
[2025-05-14T13:16:55.394-0500] {taskinstance.py:341} INFO - ::group::Post task execution logs
[2025-05-14T13:16:55.395-0500] {taskinstance.py:353} INFO - Marking task as SUCCESS. dag_id=etl, task_id=extract_data_api, run_id=scheduled__2025-05-13T00:00:00+00:00, execution_date=20250513T000000, start_date=20250514T180930, end_date=20250514T181655
[2025-05-14T13:16:55.545-0500] {local_task_job_runner.py:266} INFO - Task exited with return code 0
[2025-05-14T13:16:55.598-0500] {taskinstance.py:3901} INFO - 1 downstream tasks scheduled from follow-on schedule check
[2025-05-14T13:16:55.607-0500] {local_task_job_runner.py:245} INFO - ::endgroup::
