[2025-05-14T11:39:40.287-0500] {local_task_job_runner.py:123} INFO - ::group::Pre task execution logs
[2025-05-14T11:39:40.306-0500] {taskinstance.py:2614} INFO - Dependencies all met for dep_context=non-requeueable deps ti=<TaskInstance: etl.transform_postgres_data scheduled__2025-05-13T00:00:00+00:00 [queued]>
[2025-05-14T11:39:40.317-0500] {taskinstance.py:2614} INFO - Dependencies all met for dep_context=requeueable deps ti=<TaskInstance: etl.transform_postgres_data scheduled__2025-05-13T00:00:00+00:00 [queued]>
[2025-05-14T11:39:40.317-0500] {taskinstance.py:2867} INFO - Starting attempt 1 of 2
[2025-05-14T11:39:40.336-0500] {taskinstance.py:2890} INFO - Executing <Task(PythonOperator): transform_postgres_data> on 2025-05-13 00:00:00+00:00
[2025-05-14T11:39:40.349-0500] {standard_task_runner.py:104} INFO - Running: ['airflow', 'tasks', 'run', 'etl', 'transform_postgres_data', 'scheduled__2025-05-13T00:00:00+00:00', '--job-id', '12', '--raw', '--subdir', 'DAGS_FOLDER/api.py', '--cfg-path', '/tmp/tmpmmsvfynw']
[2025-05-14T11:39:40.351-0500] {standard_task_runner.py:105} INFO - Job 12: Subtask transform_postgres_data
[2025-05-14T11:39:40.353-0500] {logging_mixin.py:190} WARNING - /home/jdd/ETL-Global-Road-Accidents/venv/lib/python3.12/site-packages/airflow/task/task_runner/standard_task_runner.py:70 DeprecationWarning: This process (pid=44733) is multi-threaded, use of fork() may lead to deadlocks in the child.
[2025-05-14T11:39:40.354-0500] {standard_task_runner.py:72} INFO - Started process 44824 to run task
[2025-05-14T11:39:40.399-0500] {task_command.py:467} INFO - Running <TaskInstance: etl.transform_postgres_data scheduled__2025-05-13T00:00:00+00:00 [running]> on host DESKTOP-43HC35D.
[2025-05-14T11:39:40.478-0500] {taskinstance.py:3134} INFO - Exporting env vars: AIRFLOW_CTX_DAG_OWNER='airflow' AIRFLOW_CTX_DAG_ID='etl' AIRFLOW_CTX_TASK_ID='transform_postgres_data' AIRFLOW_CTX_EXECUTION_DATE='2025-05-13T00:00:00+00:00' AIRFLOW_CTX_TRY_NUMBER='1' AIRFLOW_CTX_DAG_RUN_ID='scheduled__2025-05-13T00:00:00+00:00'
[2025-05-14T11:39:40.479-0500] {taskinstance.py:732} INFO - ::endgroup::
[2025-05-14T11:39:41.587-0500] {logging_mixin.py:190} INFO - Número máximo de decimales en la columna 'visibility_level': 15
[2025-05-14T11:39:42.079-0500] {logging_mixin.py:190} INFO - Número máximo de decimales en la columna 'driver_alcohol_level': 20
[2025-05-14T11:39:42.603-0500] {logging_mixin.py:190} INFO - Número máximo de decimales en la columna 'emergency_response_time': 16
[2025-05-14T11:39:43.021-0500] {logging_mixin.py:190} INFO - Número máximo de decimales en la columna 'traffic_volume': 14
[2025-05-14T11:39:43.652-0500] {logging_mixin.py:190} INFO - Número máximo de decimales en la columna 'population_density': 15
[2025-05-14T11:39:43.703-0500] {logging_mixin.py:190} INFO - Columna 'driver_alcohol_level' categorizada.
[2025-05-14T11:39:43.744-0500] {logging_mixin.py:190} INFO - Columna 'visibility_level' categorizada.
[2025-05-14T11:39:43.765-0500] {logging_mixin.py:190} INFO - Columnas temporales convertidas a categóricas ordenadas.
[2025-05-14T11:39:43.767-0500] {logging_mixin.py:190} INFO - Columna 'driver_fatigue' convertida a tipo booleano.
[2025-05-14T11:39:43.768-0500] {transform.py:98} INFO - 📂 Directorio de salida creado: /tmp/data
[2025-05-14T11:39:43.815-0500] {logging_mixin.py:190} WARNING - /home/jdd/ETL-Global-Road-Accidents/source/transform/transform.py:102 FutureWarning: The default of observed=False is deprecated and will be changed to True in a future version of pandas. Pass observed=False to retain current behavior or observed=True to adopt the future default and silence this warning.
[2025-05-14T11:39:44.734-0500] {transform.py:136} INFO - ✅ Tabla 'hechos_accidentes' creada y guardada.
[2025-05-14T11:39:44.737-0500] {api.py:85} INFO - ✅ Transformación completada. Archivos guardados en: /tmp/data
[2025-05-14T11:39:44.746-0500] {python.py:240} INFO - Done. Returned value was: None
[2025-05-14T11:39:44.751-0500] {taskinstance.py:341} INFO - ::group::Post task execution logs
[2025-05-14T11:39:44.751-0500] {taskinstance.py:353} INFO - Marking task as SUCCESS. dag_id=etl, task_id=transform_postgres_data, run_id=scheduled__2025-05-13T00:00:00+00:00, execution_date=20250513T000000, start_date=20250514T163940, end_date=20250514T163944
[2025-05-14T11:39:44.822-0500] {local_task_job_runner.py:266} INFO - Task exited with return code 0
[2025-05-14T11:39:44.845-0500] {taskinstance.py:3901} INFO - 0 downstream tasks scheduled from follow-on schedule check
[2025-05-14T11:39:44.847-0500] {local_task_job_runner.py:245} INFO - ::endgroup::
