[2025-05-14T13:18:42.767-0500] {local_task_job_runner.py:123} INFO - ::group::Pre task execution logs
[2025-05-14T13:18:42.780-0500] {taskinstance.py:2614} INFO - Dependencies all met for dep_context=non-requeueable deps ti=<TaskInstance: etl_accidents_pipeline.extract_data_api scheduled__2025-05-13T00:00:00+00:00 [queued]>
[2025-05-14T13:18:42.790-0500] {taskinstance.py:2614} INFO - Dependencies all met for dep_context=requeueable deps ti=<TaskInstance: etl_accidents_pipeline.extract_data_api scheduled__2025-05-13T00:00:00+00:00 [queued]>
[2025-05-14T13:18:42.791-0500] {taskinstance.py:2867} INFO - Starting attempt 1 of 2
[2025-05-14T13:18:42.817-0500] {taskinstance.py:2890} INFO - Executing <Task(PythonOperator): extract_data_api> on 2025-05-13 00:00:00+00:00
[2025-05-14T13:18:42.828-0500] {standard_task_runner.py:104} INFO - Running: ['airflow', 'tasks', 'run', 'etl_accidents_pipeline', 'extract_data_api', 'scheduled__2025-05-13T00:00:00+00:00', '--job-id', '21', '--raw', '--subdir', 'DAGS_FOLDER/etl.py', '--cfg-path', '/tmp/tmpkhhh895s']
[2025-05-14T13:18:42.832-0500] {standard_task_runner.py:105} INFO - Job 21: Subtask extract_data_api
[2025-05-14T13:18:42.833-0500] {logging_mixin.py:190} WARNING - /home/jdd/ETL-Global-Road-Accidents/venv/lib/python3.12/site-packages/airflow/task/task_runner/standard_task_runner.py:70 DeprecationWarning: This process (pid=54875) is multi-threaded, use of fork() may lead to deadlocks in the child.
[2025-05-14T13:18:42.834-0500] {standard_task_runner.py:72} INFO - Started process 54948 to run task
[2025-05-14T13:18:42.895-0500] {task_command.py:467} INFO - Running <TaskInstance: etl_accidents_pipeline.extract_data_api scheduled__2025-05-13T00:00:00+00:00 [running]> on host DESKTOP-43HC35D.
[2025-05-14T13:18:42.971-0500] {taskinstance.py:3134} INFO - Exporting env vars: AIRFLOW_CTX_DAG_OWNER='airflow' AIRFLOW_CTX_DAG_ID='etl_accidents_pipeline' AIRFLOW_CTX_TASK_ID='extract_data_api' AIRFLOW_CTX_EXECUTION_DATE='2025-05-13T00:00:00+00:00' AIRFLOW_CTX_TRY_NUMBER='1' AIRFLOW_CTX_DAG_RUN_ID='scheduled__2025-05-13T00:00:00+00:00'
[2025-05-14T13:18:42.974-0500] {taskinstance.py:732} INFO - ::endgroup::
[2025-05-14T13:18:42.993-0500] {extract_api.py:39} INFO - Descargando datos de Accidentes para el año 2017...
[2025-05-14T13:18:56.746-0500] {extract_api.py:50} INFO - ✔️ Archivo guardado: /tmp/data/FARS_accident_2017.csv
[2025-05-14T13:18:56.747-0500] {extract_api.py:39} INFO - Descargando datos de Accidentes para el año 2018...
[2025-05-14T13:19:08.199-0500] {extract_api.py:50} INFO - ✔️ Archivo guardado: /tmp/data/FARS_accident_2018.csv
[2025-05-14T13:19:08.200-0500] {extract_api.py:39} INFO - Descargando datos de Accidentes para el año 2019...
[2025-05-14T13:19:23.954-0500] {extract_api.py:50} INFO - ✔️ Archivo guardado: /tmp/data/FARS_accident_2019.csv
[2025-05-14T13:19:23.955-0500] {extract_api.py:39} INFO - Descargando datos de Accidentes para el año 2020...
[2025-05-14T13:19:35.407-0500] {extract_api.py:50} INFO - ✔️ Archivo guardado: /tmp/data/FARS_accident_2020.csv
[2025-05-14T13:19:35.408-0500] {extract_api.py:39} INFO - Descargando datos de Accidentes para el año 2021...
[2025-05-14T13:19:50.676-0500] {extract_api.py:50} INFO - ✔️ Archivo guardado: /tmp/data/FARS_accident_2021.csv
[2025-05-14T13:19:50.677-0500] {extract_api.py:39} INFO - Descargando datos de Accidentes para el año 2022...
[2025-05-14T13:20:03.772-0500] {extract_api.py:50} INFO - ✔️ Archivo guardado: /tmp/data/FARS_accident_2022.csv
[2025-05-14T13:20:03.774-0500] {extract_api.py:82} INFO - Descargando datos de Personas para el año 2017...
[2025-05-14T13:20:55.190-0500] {extract_api.py:93} INFO - ✔️ Archivo guardado: /tmp/data/FARS_person_2017.csv
[2025-05-14T13:20:55.190-0500] {extract_api.py:82} INFO - Descargando datos de Personas para el año 2018...
[2025-05-14T13:21:45.597-0500] {extract_api.py:93} INFO - ✔️ Archivo guardado: /tmp/data/FARS_person_2018.csv
[2025-05-14T13:21:45.598-0500] {extract_api.py:82} INFO - Descargando datos de Personas para el año 2019...
[2025-05-14T13:22:33.440-0500] {extract_api.py:93} INFO - ✔️ Archivo guardado: /tmp/data/FARS_person_2019.csv
[2025-05-14T13:22:33.441-0500] {extract_api.py:82} INFO - Descargando datos de Personas para el año 2020...
[2025-05-14T13:23:30.641-0500] {extract_api.py:93} INFO - ✔️ Archivo guardado: /tmp/data/FARS_person_2020.csv
[2025-05-14T13:23:30.642-0500] {extract_api.py:82} INFO - Descargando datos de Personas para el año 2021...
[2025-05-14T13:24:33.817-0500] {extract_api.py:93} INFO - ✔️ Archivo guardado: /tmp/data/FARS_person_2021.csv
[2025-05-14T13:24:33.818-0500] {extract_api.py:82} INFO - Descargando datos de Personas para el año 2022...
[2025-05-14T13:25:37.435-0500] {extract_api.py:93} INFO - ✔️ Archivo guardado: /tmp/data/FARS_person_2022.csv
[2025-05-14T13:25:37.437-0500] {etl.py:55} INFO - ✅ Datos extraídos desde la API FARS
[2025-05-14T13:25:37.438-0500] {python.py:240} INFO - Done. Returned value was: None
[2025-05-14T13:25:37.452-0500] {taskinstance.py:341} INFO - ::group::Post task execution logs
[2025-05-14T13:25:37.452-0500] {taskinstance.py:353} INFO - Marking task as SUCCESS. dag_id=etl_accidents_pipeline, task_id=extract_data_api, run_id=scheduled__2025-05-13T00:00:00+00:00, execution_date=20250513T000000, start_date=20250514T181842, end_date=20250514T182537
[2025-05-14T13:25:37.534-0500] {local_task_job_runner.py:266} INFO - Task exited with return code 0
[2025-05-14T13:25:37.557-0500] {taskinstance.py:3901} INFO - 1 downstream tasks scheduled from follow-on schedule check
[2025-05-14T13:25:37.563-0500] {local_task_job_runner.py:245} INFO - ::endgroup::
