[2025-05-14T13:25:50.020-0500] {local_task_job_runner.py:123} INFO - ::group::Pre task execution logs
[2025-05-14T13:25:50.030-0500] {taskinstance.py:2614} INFO - Dependencies all met for dep_context=non-requeueable deps ti=<TaskInstance: etl_accidents_pipeline.extract_data_api manual__2025-05-14T18:18:38.417050+00:00 [queued]>
[2025-05-14T13:25:50.036-0500] {taskinstance.py:2614} INFO - Dependencies all met for dep_context=requeueable deps ti=<TaskInstance: etl_accidents_pipeline.extract_data_api manual__2025-05-14T18:18:38.417050+00:00 [queued]>
[2025-05-14T13:25:50.036-0500] {taskinstance.py:2867} INFO - Starting attempt 1 of 2
[2025-05-14T13:25:50.054-0500] {taskinstance.py:2890} INFO - Executing <Task(PythonOperator): extract_data_api> on 2025-05-14 18:18:38.417050+00:00
[2025-05-14T13:25:50.066-0500] {standard_task_runner.py:104} INFO - Running: ['airflow', 'tasks', 'run', 'etl_accidents_pipeline', 'extract_data_api', 'manual__2025-05-14T18:18:38.417050+00:00', '--job-id', '23', '--raw', '--subdir', 'DAGS_FOLDER/etl.py', '--cfg-path', '/tmp/tmpwwgqd_of']
[2025-05-14T13:25:50.070-0500] {standard_task_runner.py:105} INFO - Job 23: Subtask extract_data_api
[2025-05-14T13:25:50.072-0500] {logging_mixin.py:190} WARNING - /home/jdd/ETL-Global-Road-Accidents/venv/lib/python3.12/site-packages/airflow/task/task_runner/standard_task_runner.py:70 DeprecationWarning: This process (pid=60633) is multi-threaded, use of fork() may lead to deadlocks in the child.
[2025-05-14T13:25:50.073-0500] {standard_task_runner.py:72} INFO - Started process 60686 to run task
[2025-05-14T13:25:50.115-0500] {task_command.py:467} INFO - Running <TaskInstance: etl_accidents_pipeline.extract_data_api manual__2025-05-14T18:18:38.417050+00:00 [running]> on host DESKTOP-43HC35D.
[2025-05-14T13:25:50.182-0500] {taskinstance.py:3134} INFO - Exporting env vars: AIRFLOW_CTX_DAG_OWNER='airflow' AIRFLOW_CTX_DAG_ID='etl_accidents_pipeline' AIRFLOW_CTX_TASK_ID='extract_data_api' AIRFLOW_CTX_EXECUTION_DATE='2025-05-14T18:18:38.417050+00:00' AIRFLOW_CTX_TRY_NUMBER='1' AIRFLOW_CTX_DAG_RUN_ID='manual__2025-05-14T18:18:38.417050+00:00'
[2025-05-14T13:25:50.183-0500] {taskinstance.py:732} INFO - ::endgroup::
[2025-05-14T13:25:50.200-0500] {extract_api.py:39} INFO - Descargando datos de Accidentes para el año 2017...
[2025-05-14T13:26:06.113-0500] {extract_api.py:50} INFO - ✔️ Archivo guardado: /tmp/data/FARS_accident_2017.csv
[2025-05-14T13:26:06.114-0500] {extract_api.py:39} INFO - Descargando datos de Accidentes para el año 2018...
[2025-05-14T13:26:17.080-0500] {extract_api.py:50} INFO - ✔️ Archivo guardado: /tmp/data/FARS_accident_2018.csv
[2025-05-14T13:26:17.082-0500] {extract_api.py:39} INFO - Descargando datos de Accidentes para el año 2019...
[2025-05-14T13:26:31.236-0500] {extract_api.py:50} INFO - ✔️ Archivo guardado: /tmp/data/FARS_accident_2019.csv
[2025-05-14T13:26:31.237-0500] {extract_api.py:39} INFO - Descargando datos de Accidentes para el año 2020...
[2025-05-14T13:26:44.469-0500] {extract_api.py:50} INFO - ✔️ Archivo guardado: /tmp/data/FARS_accident_2020.csv
[2025-05-14T13:26:44.470-0500] {extract_api.py:39} INFO - Descargando datos de Accidentes para el año 2021...
[2025-05-14T13:26:59.512-0500] {extract_api.py:50} INFO - ✔️ Archivo guardado: /tmp/data/FARS_accident_2021.csv
[2025-05-14T13:26:59.513-0500] {extract_api.py:39} INFO - Descargando datos de Accidentes para el año 2022...
[2025-05-14T13:27:12.024-0500] {extract_api.py:50} INFO - ✔️ Archivo guardado: /tmp/data/FARS_accident_2022.csv
[2025-05-14T13:27:12.026-0500] {extract_api.py:82} INFO - Descargando datos de Personas para el año 2017...
[2025-05-14T13:28:06.232-0500] {extract_api.py:93} INFO - ✔️ Archivo guardado: /tmp/data/FARS_person_2017.csv
[2025-05-14T13:28:06.233-0500] {extract_api.py:82} INFO - Descargando datos de Personas para el año 2018...
[2025-05-14T13:28:53.195-0500] {extract_api.py:93} INFO - ✔️ Archivo guardado: /tmp/data/FARS_person_2018.csv
[2025-05-14T13:28:53.195-0500] {extract_api.py:82} INFO - Descargando datos de Personas para el año 2019...
[2025-05-14T13:29:54.106-0500] {extract_api.py:93} INFO - ✔️ Archivo guardado: /tmp/data/FARS_person_2019.csv
[2025-05-14T13:29:54.107-0500] {extract_api.py:82} INFO - Descargando datos de Personas para el año 2020...
[2025-05-14T13:30:51.181-0500] {extract_api.py:93} INFO - ✔️ Archivo guardado: /tmp/data/FARS_person_2020.csv
[2025-05-14T13:30:51.182-0500] {extract_api.py:82} INFO - Descargando datos de Personas para el año 2021...
