[2025-05-14T10:30:54.870-0500] {processor.py:186} INFO - Started process (PID=9704) to work on /home/jdd/ETL-Global-Road-Accidents/dags/api.py
[2025-05-14T10:30:54.871-0500] {processor.py:914} INFO - Processing file /home/jdd/ETL-Global-Road-Accidents/dags/api.py for tasks to queue
[2025-05-14T10:30:54.873-0500] {logging_mixin.py:190} INFO - [2025-05-14T10:30:54.873-0500] {dagbag.py:588} INFO - Filling up the DagBag from /home/jdd/ETL-Global-Road-Accidents/dags/api.py
[2025-05-14T10:30:55.889-0500] {processor.py:925} INFO - DAG(s) 'etl_accidents' retrieved from /home/jdd/ETL-Global-Road-Accidents/dags/api.py
[2025-05-14T10:30:56.190-0500] {logging_mixin.py:190} INFO - [2025-05-14T10:30:56.189-0500] {override.py:1912} INFO - Created Permission View: can delete on DAG:etl_accidents
[2025-05-14T10:30:56.231-0500] {logging_mixin.py:190} INFO - [2025-05-14T10:30:56.230-0500] {override.py:1912} INFO - Created Permission View: can edit on DAG:etl_accidents
[2025-05-14T10:30:56.261-0500] {logging_mixin.py:190} INFO - [2025-05-14T10:30:56.261-0500] {override.py:1912} INFO - Created Permission View: can read on DAG:etl_accidents
[2025-05-14T10:30:56.350-0500] {logging_mixin.py:190} INFO - [2025-05-14T10:30:56.350-0500] {override.py:1912} INFO - Created Permission View: can delete on DAG Run:etl_accidents
[2025-05-14T10:30:56.395-0500] {logging_mixin.py:190} INFO - [2025-05-14T10:30:56.394-0500] {override.py:1912} INFO - Created Permission View: can create on DAG Run:etl_accidents
[2025-05-14T10:30:56.425-0500] {logging_mixin.py:190} INFO - [2025-05-14T10:30:56.425-0500] {override.py:1912} INFO - Created Permission View: can read on DAG Run:etl_accidents
[2025-05-14T10:30:56.465-0500] {logging_mixin.py:190} INFO - [2025-05-14T10:30:56.464-0500] {override.py:1912} INFO - Created Permission View: menu access on DAG Run:etl_accidents
[2025-05-14T10:30:56.466-0500] {logging_mixin.py:190} INFO - [2025-05-14T10:30:56.465-0500] {dag.py:3239} INFO - Sync 1 DAGs
[2025-05-14T10:30:56.481-0500] {logging_mixin.py:190} INFO - [2025-05-14T10:30:56.480-0500] {dag.py:3262} INFO - Creating ORM DAG for etl_accidents
[2025-05-14T10:30:56.496-0500] {logging_mixin.py:190} INFO - [2025-05-14T10:30:56.496-0500] {dag.py:4180} INFO - Setting next_dagrun for etl_accidents to 2025-05-13 00:00:00+00:00, run_after=2025-05-14 00:00:00+00:00
[2025-05-14T10:30:56.632-0500] {processor.py:208} INFO - Processing /home/jdd/ETL-Global-Road-Accidents/dags/api.py took 1.768 seconds
[2025-05-14T10:31:27.242-0500] {processor.py:186} INFO - Started process (PID=10171) to work on /home/jdd/ETL-Global-Road-Accidents/dags/api.py
[2025-05-14T10:31:27.244-0500] {processor.py:914} INFO - Processing file /home/jdd/ETL-Global-Road-Accidents/dags/api.py for tasks to queue
[2025-05-14T10:31:27.246-0500] {logging_mixin.py:190} INFO - [2025-05-14T10:31:27.246-0500] {dagbag.py:588} INFO - Filling up the DagBag from /home/jdd/ETL-Global-Road-Accidents/dags/api.py
[2025-05-14T10:31:28.028-0500] {processor.py:925} INFO - DAG(s) 'etl_accidents' retrieved from /home/jdd/ETL-Global-Road-Accidents/dags/api.py
[2025-05-14T10:31:28.052-0500] {logging_mixin.py:190} INFO - [2025-05-14T10:31:28.052-0500] {dag.py:3239} INFO - Sync 1 DAGs
[2025-05-14T10:31:28.077-0500] {logging_mixin.py:190} INFO - [2025-05-14T10:31:28.076-0500] {dag.py:4180} INFO - Setting next_dagrun for etl_accidents to 2025-05-13 00:00:00+00:00, run_after=2025-05-14 00:00:00+00:00
[2025-05-14T10:31:28.106-0500] {processor.py:208} INFO - Processing /home/jdd/ETL-Global-Road-Accidents/dags/api.py took 0.870 seconds
[2025-05-14T10:31:58.788-0500] {processor.py:186} INFO - Started process (PID=10366) to work on /home/jdd/ETL-Global-Road-Accidents/dags/api.py
[2025-05-14T10:31:58.791-0500] {processor.py:914} INFO - Processing file /home/jdd/ETL-Global-Road-Accidents/dags/api.py for tasks to queue
[2025-05-14T10:31:58.798-0500] {logging_mixin.py:190} INFO - [2025-05-14T10:31:58.797-0500] {dagbag.py:588} INFO - Filling up the DagBag from /home/jdd/ETL-Global-Road-Accidents/dags/api.py
[2025-05-14T10:31:59.905-0500] {processor.py:925} INFO - DAG(s) 'etl_accidents' retrieved from /home/jdd/ETL-Global-Road-Accidents/dags/api.py
[2025-05-14T10:31:59.939-0500] {logging_mixin.py:190} INFO - [2025-05-14T10:31:59.938-0500] {dag.py:3239} INFO - Sync 1 DAGs
[2025-05-14T10:31:59.982-0500] {logging_mixin.py:190} INFO - [2025-05-14T10:31:59.981-0500] {dag.py:4180} INFO - Setting next_dagrun for etl_accidents to 2025-05-13 00:00:00+00:00, run_after=2025-05-14 00:00:00+00:00
[2025-05-14T10:32:00.022-0500] {processor.py:208} INFO - Processing /home/jdd/ETL-Global-Road-Accidents/dags/api.py took 1.243 seconds
[2025-05-14T10:32:38.506-0500] {processor.py:186} INFO - Started process (PID=10666) to work on /home/jdd/ETL-Global-Road-Accidents/dags/api.py
[2025-05-14T10:32:38.507-0500] {processor.py:914} INFO - Processing file /home/jdd/ETL-Global-Road-Accidents/dags/api.py for tasks to queue
[2025-05-14T10:32:38.511-0500] {logging_mixin.py:190} INFO - [2025-05-14T10:32:38.511-0500] {dagbag.py:588} INFO - Filling up the DagBag from /home/jdd/ETL-Global-Road-Accidents/dags/api.py
[2025-05-14T10:32:37.581-0500] {processor.py:925} INFO - DAG(s) 'etl_accidents' retrieved from /home/jdd/ETL-Global-Road-Accidents/dags/api.py
[2025-05-14T10:32:37.624-0500] {logging_mixin.py:190} INFO - [2025-05-14T10:32:37.623-0500] {dag.py:3239} INFO - Sync 1 DAGs
[2025-05-14T10:32:37.688-0500] {logging_mixin.py:190} INFO - [2025-05-14T10:32:37.687-0500] {dag.py:4180} INFO - Setting next_dagrun for etl_accidents to 2025-05-13 00:00:00+00:00, run_after=2025-05-14 00:00:00+00:00
[2025-05-14T10:32:37.779-0500] {processor.py:208} INFO - Processing /home/jdd/ETL-Global-Road-Accidents/dags/api.py took 1.415 seconds
[2025-05-14T11:30:46.447-0500] {processor.py:186} INFO - Started process (PID=36896) to work on /home/jdd/ETL-Global-Road-Accidents/dags/api.py
[2025-05-14T11:30:46.450-0500] {processor.py:914} INFO - Processing file /home/jdd/ETL-Global-Road-Accidents/dags/api.py for tasks to queue
[2025-05-14T11:30:46.454-0500] {logging_mixin.py:190} INFO - [2025-05-14T11:30:46.453-0500] {dagbag.py:588} INFO - Filling up the DagBag from /home/jdd/ETL-Global-Road-Accidents/dags/api.py
[2025-05-14T11:30:47.685-0500] {processor.py:925} INFO - DAG(s) 'etl' retrieved from /home/jdd/ETL-Global-Road-Accidents/dags/api.py
[2025-05-14T11:30:47.867-0500] {logging_mixin.py:190} INFO - [2025-05-14T11:30:47.866-0500] {override.py:1912} INFO - Created Permission View: can edit on DAG:etl
[2025-05-14T11:30:47.891-0500] {logging_mixin.py:190} INFO - [2025-05-14T11:30:47.890-0500] {override.py:1912} INFO - Created Permission View: can read on DAG:etl
[2025-05-14T11:30:47.906-0500] {logging_mixin.py:190} INFO - [2025-05-14T11:30:47.906-0500] {override.py:1912} INFO - Created Permission View: can delete on DAG:etl
[2025-05-14T11:30:47.935-0500] {logging_mixin.py:190} INFO - [2025-05-14T11:30:47.934-0500] {override.py:1912} INFO - Created Permission View: can delete on DAG Run:etl
[2025-05-14T11:30:47.951-0500] {logging_mixin.py:190} INFO - [2025-05-14T11:30:47.951-0500] {override.py:1912} INFO - Created Permission View: can read on DAG Run:etl
[2025-05-14T11:30:47.969-0500] {logging_mixin.py:190} INFO - [2025-05-14T11:30:47.969-0500] {override.py:1912} INFO - Created Permission View: can create on DAG Run:etl
[2025-05-14T11:30:47.986-0500] {logging_mixin.py:190} INFO - [2025-05-14T11:30:47.985-0500] {override.py:1912} INFO - Created Permission View: menu access on DAG Run:etl
[2025-05-14T11:30:47.986-0500] {logging_mixin.py:190} INFO - [2025-05-14T11:30:47.986-0500] {dag.py:3239} INFO - Sync 1 DAGs
[2025-05-14T11:30:48.003-0500] {logging_mixin.py:190} INFO - [2025-05-14T11:30:48.002-0500] {dag.py:3262} INFO - Creating ORM DAG for etl
[2025-05-14T11:30:48.016-0500] {logging_mixin.py:190} INFO - [2025-05-14T11:30:48.016-0500] {dag.py:4180} INFO - Setting next_dagrun for etl to 2025-05-13 00:00:00+00:00, run_after=2025-05-14 00:00:00+00:00
[2025-05-14T11:30:48.051-0500] {processor.py:208} INFO - Processing /home/jdd/ETL-Global-Road-Accidents/dags/api.py took 1.621 seconds
[2025-05-14T11:39:56.449-0500] {processor.py:186} INFO - Started process (PID=45111) to work on /home/jdd/ETL-Global-Road-Accidents/dags/api.py
[2025-05-14T11:39:56.451-0500] {processor.py:914} INFO - Processing file /home/jdd/ETL-Global-Road-Accidents/dags/api.py for tasks to queue
[2025-05-14T11:39:56.454-0500] {logging_mixin.py:190} INFO - [2025-05-14T11:39:56.453-0500] {dagbag.py:588} INFO - Filling up the DagBag from /home/jdd/ETL-Global-Road-Accidents/dags/api.py
[2025-05-14T11:39:57.244-0500] {processor.py:925} INFO - DAG(s) 'etl' retrieved from /home/jdd/ETL-Global-Road-Accidents/dags/api.py
[2025-05-14T11:39:57.299-0500] {logging_mixin.py:190} INFO - [2025-05-14T11:39:57.298-0500] {dag.py:3239} INFO - Sync 1 DAGs
[2025-05-14T11:39:57.331-0500] {logging_mixin.py:190} INFO - [2025-05-14T11:39:57.330-0500] {dag.py:4180} INFO - Setting next_dagrun for etl to 2025-05-14 00:00:00+00:00, run_after=2025-05-15 00:00:00+00:00
[2025-05-14T11:39:57.369-0500] {processor.py:208} INFO - Processing /home/jdd/ETL-Global-Road-Accidents/dags/api.py took 0.928 seconds
[2025-05-14T11:40:27.879-0500] {processor.py:186} INFO - Started process (PID=45566) to work on /home/jdd/ETL-Global-Road-Accidents/dags/api.py
[2025-05-14T11:40:27.880-0500] {processor.py:914} INFO - Processing file /home/jdd/ETL-Global-Road-Accidents/dags/api.py for tasks to queue
[2025-05-14T11:40:27.881-0500] {logging_mixin.py:190} INFO - [2025-05-14T11:40:27.881-0500] {dagbag.py:588} INFO - Filling up the DagBag from /home/jdd/ETL-Global-Road-Accidents/dags/api.py
[2025-05-14T11:40:28.588-0500] {processor.py:925} INFO - DAG(s) 'etl' retrieved from /home/jdd/ETL-Global-Road-Accidents/dags/api.py
[2025-05-14T11:40:28.625-0500] {logging_mixin.py:190} INFO - [2025-05-14T11:40:28.624-0500] {dag.py:3239} INFO - Sync 1 DAGs
[2025-05-14T11:40:28.658-0500] {logging_mixin.py:190} INFO - [2025-05-14T11:40:28.657-0500] {dag.py:4180} INFO - Setting next_dagrun for etl to 2025-05-14 00:00:00+00:00, run_after=2025-05-15 00:00:00+00:00
[2025-05-14T11:40:28.705-0500] {processor.py:208} INFO - Processing /home/jdd/ETL-Global-Road-Accidents/dags/api.py took 0.831 seconds
[2025-05-14T11:40:59.467-0500] {processor.py:186} INFO - Started process (PID=45766) to work on /home/jdd/ETL-Global-Road-Accidents/dags/api.py
[2025-05-14T11:40:59.478-0500] {processor.py:914} INFO - Processing file /home/jdd/ETL-Global-Road-Accidents/dags/api.py for tasks to queue
[2025-05-14T11:40:59.479-0500] {logging_mixin.py:190} INFO - [2025-05-14T11:40:59.479-0500] {dagbag.py:588} INFO - Filling up the DagBag from /home/jdd/ETL-Global-Road-Accidents/dags/api.py
[2025-05-14T11:40:59.938-0500] {processor.py:925} INFO - DAG(s) 'etl' retrieved from /home/jdd/ETL-Global-Road-Accidents/dags/api.py
[2025-05-14T11:40:59.972-0500] {logging_mixin.py:190} INFO - [2025-05-14T11:40:59.971-0500] {dag.py:3239} INFO - Sync 1 DAGs
[2025-05-14T11:40:59.999-0500] {logging_mixin.py:190} INFO - [2025-05-14T11:40:59.998-0500] {dag.py:4180} INFO - Setting next_dagrun for etl to 2025-05-14 00:00:00+00:00, run_after=2025-05-15 00:00:00+00:00
[2025-05-14T11:41:00.036-0500] {processor.py:208} INFO - Processing /home/jdd/ETL-Global-Road-Accidents/dags/api.py took 0.574 seconds
[2025-05-14T11:41:30.442-0500] {processor.py:186} INFO - Started process (PID=46530) to work on /home/jdd/ETL-Global-Road-Accidents/dags/api.py
[2025-05-14T11:41:30.443-0500] {processor.py:914} INFO - Processing file /home/jdd/ETL-Global-Road-Accidents/dags/api.py for tasks to queue
[2025-05-14T11:41:30.444-0500] {logging_mixin.py:190} INFO - [2025-05-14T11:41:30.443-0500] {dagbag.py:588} INFO - Filling up the DagBag from /home/jdd/ETL-Global-Road-Accidents/dags/api.py
[2025-05-14T11:41:30.892-0500] {processor.py:925} INFO - DAG(s) 'etl' retrieved from /home/jdd/ETL-Global-Road-Accidents/dags/api.py
[2025-05-14T11:41:30.919-0500] {logging_mixin.py:190} INFO - [2025-05-14T11:41:30.919-0500] {dag.py:3239} INFO - Sync 1 DAGs
[2025-05-14T11:41:30.942-0500] {logging_mixin.py:190} INFO - [2025-05-14T11:41:30.941-0500] {dag.py:4180} INFO - Setting next_dagrun for etl to 2025-05-14 00:00:00+00:00, run_after=2025-05-15 00:00:00+00:00
[2025-05-14T11:41:30.974-0500] {processor.py:208} INFO - Processing /home/jdd/ETL-Global-Road-Accidents/dags/api.py took 0.537 seconds
[2025-05-14T11:42:01.891-0500] {processor.py:186} INFO - Started process (PID=46721) to work on /home/jdd/ETL-Global-Road-Accidents/dags/api.py
[2025-05-14T11:42:01.894-0500] {processor.py:914} INFO - Processing file /home/jdd/ETL-Global-Road-Accidents/dags/api.py for tasks to queue
[2025-05-14T11:42:01.895-0500] {logging_mixin.py:190} INFO - [2025-05-14T11:42:01.895-0500] {dagbag.py:588} INFO - Filling up the DagBag from /home/jdd/ETL-Global-Road-Accidents/dags/api.py
[2025-05-14T11:42:02.487-0500] {processor.py:925} INFO - DAG(s) 'etl' retrieved from /home/jdd/ETL-Global-Road-Accidents/dags/api.py
[2025-05-14T11:42:02.522-0500] {logging_mixin.py:190} INFO - [2025-05-14T11:42:02.521-0500] {dag.py:3239} INFO - Sync 1 DAGs
[2025-05-14T11:42:02.549-0500] {logging_mixin.py:190} INFO - [2025-05-14T11:42:02.549-0500] {dag.py:4180} INFO - Setting next_dagrun for etl to 2025-05-14 00:00:00+00:00, run_after=2025-05-15 00:00:00+00:00
[2025-05-14T11:42:02.587-0500] {processor.py:208} INFO - Processing /home/jdd/ETL-Global-Road-Accidents/dags/api.py took 0.701 seconds
[2025-05-14T11:42:33.456-0500] {processor.py:186} INFO - Started process (PID=46871) to work on /home/jdd/ETL-Global-Road-Accidents/dags/api.py
[2025-05-14T11:42:33.458-0500] {processor.py:914} INFO - Processing file /home/jdd/ETL-Global-Road-Accidents/dags/api.py for tasks to queue
[2025-05-14T11:42:33.460-0500] {logging_mixin.py:190} INFO - [2025-05-14T11:42:33.459-0500] {dagbag.py:588} INFO - Filling up the DagBag from /home/jdd/ETL-Global-Road-Accidents/dags/api.py
[2025-05-14T11:42:34.149-0500] {processor.py:925} INFO - DAG(s) 'etl' retrieved from /home/jdd/ETL-Global-Road-Accidents/dags/api.py
[2025-05-14T11:42:34.205-0500] {logging_mixin.py:190} INFO - [2025-05-14T11:42:34.205-0500] {dag.py:3239} INFO - Sync 1 DAGs
[2025-05-14T11:42:34.265-0500] {logging_mixin.py:190} INFO - [2025-05-14T11:42:34.264-0500] {dag.py:4180} INFO - Setting next_dagrun for etl to 2025-05-14 00:00:00+00:00, run_after=2025-05-15 00:00:00+00:00
[2025-05-14T11:42:34.304-0500] {processor.py:208} INFO - Processing /home/jdd/ETL-Global-Road-Accidents/dags/api.py took 0.865 seconds
[2025-05-14T11:43:05.114-0500] {processor.py:186} INFO - Started process (PID=47174) to work on /home/jdd/ETL-Global-Road-Accidents/dags/api.py
[2025-05-14T11:43:05.118-0500] {processor.py:914} INFO - Processing file /home/jdd/ETL-Global-Road-Accidents/dags/api.py for tasks to queue
[2025-05-14T11:43:05.122-0500] {logging_mixin.py:190} INFO - [2025-05-14T11:43:05.120-0500] {dagbag.py:588} INFO - Filling up the DagBag from /home/jdd/ETL-Global-Road-Accidents/dags/api.py
[2025-05-14T11:43:05.832-0500] {processor.py:925} INFO - DAG(s) 'etl' retrieved from /home/jdd/ETL-Global-Road-Accidents/dags/api.py
[2025-05-14T11:43:05.864-0500] {logging_mixin.py:190} INFO - [2025-05-14T11:43:05.863-0500] {dag.py:3239} INFO - Sync 1 DAGs
[2025-05-14T11:43:05.888-0500] {logging_mixin.py:190} INFO - [2025-05-14T11:43:05.888-0500] {dag.py:4180} INFO - Setting next_dagrun for etl to 2025-05-14 00:00:00+00:00, run_after=2025-05-15 00:00:00+00:00
[2025-05-14T11:43:05.915-0500] {processor.py:208} INFO - Processing /home/jdd/ETL-Global-Road-Accidents/dags/api.py took 0.813 seconds
[2025-05-14T11:43:36.145-0500] {processor.py:186} INFO - Started process (PID=47338) to work on /home/jdd/ETL-Global-Road-Accidents/dags/api.py
[2025-05-14T11:43:36.154-0500] {processor.py:914} INFO - Processing file /home/jdd/ETL-Global-Road-Accidents/dags/api.py for tasks to queue
[2025-05-14T11:43:36.156-0500] {logging_mixin.py:190} INFO - [2025-05-14T11:43:36.156-0500] {dagbag.py:588} INFO - Filling up the DagBag from /home/jdd/ETL-Global-Road-Accidents/dags/api.py
[2025-05-14T11:43:36.589-0500] {processor.py:925} INFO - DAG(s) 'etl' retrieved from /home/jdd/ETL-Global-Road-Accidents/dags/api.py
[2025-05-14T11:43:36.612-0500] {logging_mixin.py:190} INFO - [2025-05-14T11:43:36.612-0500] {dag.py:3239} INFO - Sync 1 DAGs
[2025-05-14T11:43:36.635-0500] {logging_mixin.py:190} INFO - [2025-05-14T11:43:36.635-0500] {dag.py:4180} INFO - Setting next_dagrun for etl to 2025-05-14 00:00:00+00:00, run_after=2025-05-15 00:00:00+00:00
[2025-05-14T11:43:36.660-0500] {processor.py:208} INFO - Processing /home/jdd/ETL-Global-Road-Accidents/dags/api.py took 0.522 seconds
[2025-05-14T11:44:06.909-0500] {processor.py:186} INFO - Started process (PID=47597) to work on /home/jdd/ETL-Global-Road-Accidents/dags/api.py
[2025-05-14T11:44:06.911-0500] {processor.py:914} INFO - Processing file /home/jdd/ETL-Global-Road-Accidents/dags/api.py for tasks to queue
[2025-05-14T11:44:06.913-0500] {logging_mixin.py:190} INFO - [2025-05-14T11:44:06.912-0500] {dagbag.py:588} INFO - Filling up the DagBag from /home/jdd/ETL-Global-Road-Accidents/dags/api.py
[2025-05-14T11:44:07.365-0500] {processor.py:925} INFO - DAG(s) 'etl' retrieved from /home/jdd/ETL-Global-Road-Accidents/dags/api.py
[2025-05-14T11:44:07.390-0500] {logging_mixin.py:190} INFO - [2025-05-14T11:44:07.389-0500] {dag.py:3239} INFO - Sync 1 DAGs
[2025-05-14T11:44:07.411-0500] {logging_mixin.py:190} INFO - [2025-05-14T11:44:07.411-0500] {dag.py:4180} INFO - Setting next_dagrun for etl to 2025-05-14 00:00:00+00:00, run_after=2025-05-15 00:00:00+00:00
[2025-05-14T11:44:07.434-0500] {processor.py:208} INFO - Processing /home/jdd/ETL-Global-Road-Accidents/dags/api.py took 0.533 seconds
[2025-05-14T13:07:37.458-0500] {processor.py:186} INFO - Started process (PID=49442) to work on /home/jdd/ETL-Global-Road-Accidents/dags/api.py
[2025-05-14T13:07:37.461-0500] {processor.py:914} INFO - Processing file /home/jdd/ETL-Global-Road-Accidents/dags/api.py for tasks to queue
[2025-05-14T13:07:37.464-0500] {logging_mixin.py:190} INFO - [2025-05-14T13:07:37.464-0500] {dagbag.py:588} INFO - Filling up the DagBag from /home/jdd/ETL-Global-Road-Accidents/dags/api.py
[2025-05-14T13:07:35.088-0500] {processor.py:925} INFO - DAG(s) 'etl' retrieved from /home/jdd/ETL-Global-Road-Accidents/dags/api.py
[2025-05-14T13:07:35.119-0500] {logging_mixin.py:190} INFO - [2025-05-14T13:07:35.118-0500] {dag.py:3239} INFO - Sync 1 DAGs
[2025-05-14T13:07:35.148-0500] {logging_mixin.py:190} INFO - [2025-05-14T13:07:35.148-0500] {dag.py:4180} INFO - Setting next_dagrun for etl to 2025-05-14 00:00:00+00:00, run_after=2025-05-15 00:00:00+00:00
[2025-05-14T13:07:35.453-0500] {processor.py:208} INFO - Processing /home/jdd/ETL-Global-Road-Accidents/dags/api.py took 1.565 seconds
[2025-05-14T13:08:09.507-0500] {processor.py:186} INFO - Started process (PID=49955) to work on /home/jdd/ETL-Global-Road-Accidents/dags/api.py
[2025-05-14T13:08:09.509-0500] {processor.py:914} INFO - Processing file /home/jdd/ETL-Global-Road-Accidents/dags/api.py for tasks to queue
[2025-05-14T13:08:09.514-0500] {logging_mixin.py:190} INFO - [2025-05-14T13:08:09.512-0500] {dagbag.py:588} INFO - Filling up the DagBag from /home/jdd/ETL-Global-Road-Accidents/dags/api.py
[2025-05-14T13:08:11.582-0500] {processor.py:925} INFO - DAG(s) 'etl' retrieved from /home/jdd/ETL-Global-Road-Accidents/dags/api.py
[2025-05-14T13:08:11.958-0500] {logging_mixin.py:190} INFO - [2025-05-14T13:08:11.957-0500] {dag.py:3239} INFO - Sync 1 DAGs
[2025-05-14T13:08:12.023-0500] {logging_mixin.py:190} INFO - [2025-05-14T13:08:12.012-0500] {dag.py:3262} INFO - Creating ORM DAG for etl
[2025-05-14T13:08:12.064-0500] {logging_mixin.py:190} INFO - [2025-05-14T13:08:12.063-0500] {dag.py:4180} INFO - Setting next_dagrun for etl to 2025-05-13 00:00:00+00:00, run_after=2025-05-14 00:00:00+00:00
[2025-05-14T13:08:12.132-0500] {processor.py:208} INFO - Processing /home/jdd/ETL-Global-Road-Accidents/dags/api.py took 2.640 seconds
[2025-05-14T13:08:42.979-0500] {processor.py:186} INFO - Started process (PID=50314) to work on /home/jdd/ETL-Global-Road-Accidents/dags/api.py
[2025-05-14T13:08:42.982-0500] {processor.py:914} INFO - Processing file /home/jdd/ETL-Global-Road-Accidents/dags/api.py for tasks to queue
[2025-05-14T13:08:42.985-0500] {logging_mixin.py:190} INFO - [2025-05-14T13:08:42.984-0500] {dagbag.py:588} INFO - Filling up the DagBag from /home/jdd/ETL-Global-Road-Accidents/dags/api.py
[2025-05-14T13:08:44.536-0500] {processor.py:925} INFO - DAG(s) 'etl' retrieved from /home/jdd/ETL-Global-Road-Accidents/dags/api.py
[2025-05-14T13:08:44.579-0500] {logging_mixin.py:190} INFO - [2025-05-14T13:08:44.578-0500] {dag.py:3239} INFO - Sync 1 DAGs
[2025-05-14T13:08:44.622-0500] {logging_mixin.py:190} INFO - [2025-05-14T13:08:44.622-0500] {dag.py:4180} INFO - Setting next_dagrun for etl to 2025-05-13 00:00:00+00:00, run_after=2025-05-14 00:00:00+00:00
[2025-05-14T13:08:44.671-0500] {processor.py:208} INFO - Processing /home/jdd/ETL-Global-Road-Accidents/dags/api.py took 1.712 seconds
[2025-05-14T13:09:14.999-0500] {processor.py:186} INFO - Started process (PID=50786) to work on /home/jdd/ETL-Global-Road-Accidents/dags/api.py
[2025-05-14T13:09:15.012-0500] {processor.py:914} INFO - Processing file /home/jdd/ETL-Global-Road-Accidents/dags/api.py for tasks to queue
[2025-05-14T13:09:15.016-0500] {logging_mixin.py:190} INFO - [2025-05-14T13:09:15.015-0500] {dagbag.py:588} INFO - Filling up the DagBag from /home/jdd/ETL-Global-Road-Accidents/dags/api.py
[2025-05-14T13:09:16.286-0500] {processor.py:925} INFO - DAG(s) 'etl' retrieved from /home/jdd/ETL-Global-Road-Accidents/dags/api.py
[2025-05-14T13:09:16.345-0500] {logging_mixin.py:190} INFO - [2025-05-14T13:09:16.344-0500] {dag.py:3239} INFO - Sync 1 DAGs
[2025-05-14T13:09:16.418-0500] {logging_mixin.py:190} INFO - [2025-05-14T13:09:16.418-0500] {dag.py:4180} INFO - Setting next_dagrun for etl to 2025-05-13 00:00:00+00:00, run_after=2025-05-14 00:00:00+00:00
[2025-05-14T13:09:16.469-0500] {processor.py:208} INFO - Processing /home/jdd/ETL-Global-Road-Accidents/dags/api.py took 1.481 seconds
[2025-05-14T13:17:07.767-0500] {processor.py:186} INFO - Started process (PID=53926) to work on /home/jdd/ETL-Global-Road-Accidents/dags/api.py
[2025-05-14T13:17:07.778-0500] {processor.py:914} INFO - Processing file /home/jdd/ETL-Global-Road-Accidents/dags/api.py for tasks to queue
[2025-05-14T13:17:07.779-0500] {logging_mixin.py:190} INFO - [2025-05-14T13:17:07.779-0500] {dagbag.py:588} INFO - Filling up the DagBag from /home/jdd/ETL-Global-Road-Accidents/dags/api.py
[2025-05-14T13:17:08.340-0500] {processor.py:925} INFO - DAG(s) 'etl' retrieved from /home/jdd/ETL-Global-Road-Accidents/dags/api.py
[2025-05-14T13:17:08.368-0500] {logging_mixin.py:190} INFO - [2025-05-14T13:17:08.368-0500] {dag.py:3239} INFO - Sync 1 DAGs
[2025-05-14T13:17:08.398-0500] {logging_mixin.py:190} INFO - [2025-05-14T13:17:08.397-0500] {dag.py:4180} INFO - Setting next_dagrun for etl to 2025-05-14 00:00:00+00:00, run_after=2025-05-15 00:00:00+00:00
[2025-05-14T13:17:08.684-0500] {processor.py:208} INFO - Processing /home/jdd/ETL-Global-Road-Accidents/dags/api.py took 0.925 seconds
[2025-05-14T13:17:38.950-0500] {processor.py:186} INFO - Started process (PID=54123) to work on /home/jdd/ETL-Global-Road-Accidents/dags/api.py
[2025-05-14T13:17:38.956-0500] {processor.py:914} INFO - Processing file /home/jdd/ETL-Global-Road-Accidents/dags/api.py for tasks to queue
[2025-05-14T13:17:38.963-0500] {logging_mixin.py:190} INFO - [2025-05-14T13:17:38.960-0500] {dagbag.py:588} INFO - Filling up the DagBag from /home/jdd/ETL-Global-Road-Accidents/dags/api.py
[2025-05-14T13:17:39.847-0500] {processor.py:925} INFO - DAG(s) 'etl' retrieved from /home/jdd/ETL-Global-Road-Accidents/dags/api.py
[2025-05-14T13:17:39.942-0500] {logging_mixin.py:190} INFO - [2025-05-14T13:17:39.941-0500] {dag.py:3239} INFO - Sync 1 DAGs
[2025-05-14T13:17:40.761-0500] {logging_mixin.py:190} INFO - [2025-05-14T13:17:40.760-0500] {dag.py:4180} INFO - Setting next_dagrun for etl to 2025-05-14 00:00:00+00:00, run_after=2025-05-15 00:00:00+00:00
[2025-05-14T13:17:40.799-0500] {processor.py:208} INFO - Processing /home/jdd/ETL-Global-Road-Accidents/dags/api.py took 1.869 seconds
[2025-05-14T13:18:20.007-0500] {processor.py:186} INFO - Started process (PID=54586) to work on /home/jdd/ETL-Global-Road-Accidents/dags/api.py
[2025-05-14T13:18:20.009-0500] {processor.py:914} INFO - Processing file /home/jdd/ETL-Global-Road-Accidents/dags/api.py for tasks to queue
[2025-05-14T13:18:20.012-0500] {logging_mixin.py:190} INFO - [2025-05-14T13:18:20.011-0500] {dagbag.py:588} INFO - Filling up the DagBag from /home/jdd/ETL-Global-Road-Accidents/dags/api.py
[2025-05-14T13:18:21.110-0500] {processor.py:925} INFO - DAG(s) 'etl' retrieved from /home/jdd/ETL-Global-Road-Accidents/dags/api.py
[2025-05-14T13:18:21.164-0500] {logging_mixin.py:190} INFO - [2025-05-14T13:18:21.163-0500] {dag.py:3239} INFO - Sync 1 DAGs
[2025-05-14T13:18:21.219-0500] {logging_mixin.py:190} INFO - [2025-05-14T13:18:21.218-0500] {dag.py:4180} INFO - Setting next_dagrun for etl to 2025-05-14 00:00:00+00:00, run_after=2025-05-15 00:00:00+00:00
[2025-05-14T13:18:21.267-0500] {processor.py:208} INFO - Processing /home/jdd/ETL-Global-Road-Accidents/dags/api.py took 1.266 seconds
